[0;34m[2025-11-02 17:41:19][0m === DÉMARRAGE DU MONITORING AUTOMATIQUE ===
[0;34m[2025-11-02 17:41:19][0m === VÉRIFICATION COMPLÈTE ===
[0;34m[2025-11-02 17:41:19][0m Vérification du statut du site...
[1;33m[WARNING][0m Site en erreur (HTTP 502) - probablement déploiement en cours ou erreur
[0;34m[2025-11-02 17:41:20][0m Vérification du health check...
[1;33m[WARNING][0m Health check échoué (HTTP 502)
[0;34m[2025-11-02 17:41:22][0m Récupération du dernier déploiement...
[0;34m[2025-11-02 17:41:23][0m Dernier déploiement: build_failed
[0;31m[ERROR][0m Dernier déploiement: ÉCHEC (build_failed)
[0;34m[2025-11-02 17:41:23][0m === RÉSUMÉ ===
[1;33m[WARNING][0m ✗ Problèmes détectés:
[0;31m[ERROR][0m   - Site inaccessible ou en erreur
[0;31m[ERROR][0m   - Health check échoué
[0;31m[ERROR][0m   - Dernier déploiement: échec ou en cours
[1;33m[WARNING][0m Problèmes détectés, tentative de correction...
[0;31m[ERROR][0m Le dernier déploiement a échoué
[0;34m[2025-11-02 17:41:23][0m Récupération des logs du déploiement dep-d43kvrehf83s73dnt4l0...
[0;34m[2025-11-02 17:41:24][0m Logs sauvegardés dans ./deploy-logs/deploy-logs-dep-d43kvrehf83s73dnt4l0-20251102_174119.txt
[0;34m[2025-11-02 17:41:24][0m Voulez-vous relancer un déploiement? (oui/non)
[0;34m[2025-11-02 17:41:24][0m Déclenchement d'un nouveau déploiement...
[0;32m[SUCCESS][0m Déploiement déclenché: dep-d43nnaer433s739m8fgg
[0;34m[2025-11-02 17:41:28][0m Surveillance du déploiement dep-d43nnaer433s739m8fgg (max 600s)...
[0;34m[2025-11-02 17:41:38][0m Statut après 10s: build_in_progress
[0;34m[2025-11-02 17:41:49][0m Statut après 20s: build_in_progress
[0;34m[2025-11-02 17:42:00][0m Statut après 30s: build_in_progress
[0;34m[2025-11-02 17:42:10][0m Statut après 40s: build_in_progress
[0;34m[2025-11-02 17:42:21][0m Statut après 50s: build_failed
[0;31m[ERROR][0m Déploiement échoué: build_failed
[0;34m[2025-11-02 17:42:21][0m Récupération des logs du déploiement dep-d43nnaer433s739m8fgg...
[0;34m[2025-11-02 17:42:21][0m Logs sauvegardés dans ./deploy-logs/deploy-logs-dep-d43nnaer433s739m8fgg-20251102_174119.txt
